[debug] [2018-10-15T10:59:31.092Z] ----------------------------------------------------------------------
[debug] [2018-10-15T10:59:31.092Z] Command:       C:\Program Files\nodejs\node.exe C:\Users\niklasfichtner\AppData\Roaming\npm\node_modules\firebase-tools\bin\firebase serve
[debug] [2018-10-15T10:59:31.107Z] CLI Version:   5.0.1
[debug] [2018-10-15T10:59:31.107Z] Platform:      win32
[debug] [2018-10-15T10:59:31.107Z] Node Version:  v8.12.0
[debug] [2018-10-15T10:59:31.107Z] Time:          Mon Oct 15 2018 12:59:31 GMT+0200 (Mitteleuropäische Sommerzeit)
[debug] [2018-10-15T10:59:31.107Z] ----------------------------------------------------------------------
[debug] 
[debug] [2018-10-15T10:59:31.123Z] > command requires scopes: ["email","openid","https://www.googleapis.com/auth/cloudplatformprojects.readonly","https://www.googleapis.com/auth/firebase","https://www.googleapis.com/auth/cloud-platform"]
[debug] [2018-10-15T10:59:31.123Z] > authorizing via signed-in user
[debug] [2018-10-15T10:59:31.123Z] [iam] checking project firmbook-f14da for permissions ["firebase.projects.get"]
[debug] [2018-10-15T10:59:31.139Z] > refreshing access token with scopes: ["email","https://www.googleapis.com/auth/cloud-platform","https://www.googleapis.com/auth/cloudplatformprojects.readonly","https://www.googleapis.com/auth/firebase","openid"]
[debug] [2018-10-15T10:59:31.139Z] >>> HTTP REQUEST POST https://www.googleapis.com/oauth2/v3/token  
 <request body omitted>
[debug] [2018-10-15T10:59:31.327Z] <<< HTTP RESPONSE 200
[debug] [2018-10-15T10:59:31.343Z] >>> HTTP REQUEST POST https://cloudresourcemanager.googleapis.com/v1/projects/firmbook-f14da:testIamPermissions  

[debug] [2018-10-15T10:59:32.142Z] <<< HTTP RESPONSE 200
[debug] [2018-10-15T10:59:32.142Z] >>> HTTP REQUEST GET https://cloudresourcemanager.googleapis.com/v1/projects/firmbook-f14da  
 
[debug] [2018-10-15T10:59:32.898Z] <<< HTTP RESPONSE 200
[info] 
[info] === Serving from 'C:\Users\niklasfichtner\Projekt webprog'...
[info] 
[debug] [2018-10-15T10:59:32.898Z] >>> HTTP REQUEST GET https://mobilesdk-pa.googleapis.com/v1/projects/1059934067199/clients/_:getWebAppConfig  
 
[debug] [2018-10-15T10:59:33.265Z] <<< HTTP RESPONSE 200
[info] i  hosting: Serving hosting files from: FirmBook
[info] +  hosting: Local server: http://localhost:5000
