[debug] [2018-10-31T19:56:34.705Z] ----------------------------------------------------------------------
[debug] [2018-10-31T19:56:34.705Z] Command:       C:\Program Files\nodejs\node.exe C:\Users\niklasfichtner\AppData\Roaming\npm\node_modules\firebase-tools\bin\firebase serve
[debug] [2018-10-31T19:56:34.705Z] CLI Version:   5.0.1
[debug] [2018-10-31T19:56:34.705Z] Platform:      win32
[debug] [2018-10-31T19:56:34.705Z] Node Version:  v8.12.0
[debug] [2018-10-31T19:56:34.705Z] Time:          Wed Oct 31 2018 20:56:34 GMT+0100 (Mitteleuropäische Zeit)
[debug] [2018-10-31T19:56:34.705Z] ----------------------------------------------------------------------
[debug] 
[debug] [2018-10-31T19:56:34.736Z] > command requires scopes: ["email","openid","https://www.googleapis.com/auth/cloudplatformprojects.readonly","https://www.googleapis.com/auth/firebase","https://www.googleapis.com/auth/cloud-platform"]
[debug] [2018-10-31T19:56:34.736Z] > authorizing via signed-in user
[debug] [2018-10-31T19:56:34.736Z] [iam] checking project firmbook-f14da for permissions ["firebase.projects.get"]
[debug] [2018-10-31T19:56:34.736Z] >>> HTTP REQUEST POST https://cloudresourcemanager.googleapis.com/v1/projects/firmbook-f14da:testIamPermissions  

[debug] [2018-10-31T19:56:35.817Z] <<< HTTP RESPONSE 200
[debug] [2018-10-31T19:56:35.819Z] >>> HTTP REQUEST GET https://cloudresourcemanager.googleapis.com/v1/projects/firmbook-f14da  
 
[debug] [2018-10-31T19:56:36.721Z] <<< HTTP RESPONSE 200
[info] 
[info] === Serving from 'C:\Users\niklasfichtner\Projekt webprog'...
[info] 
[debug] [2018-10-31T19:56:36.721Z] >>> HTTP REQUEST GET https://mobilesdk-pa.googleapis.com/v1/projects/1059934067199/clients/_:getWebAppConfig  
 
[debug] [2018-10-31T19:56:37.818Z] <<< HTTP RESPONSE 200
[info] i  hosting: Serving hosting files from: FirmBook
[info] +  hosting: Local server: http://localhost:5000
